<?xml version="1.0" encoding="UTF-8"?>
<testng-results ignored="0" total="1" passed="1" failed="0" skipped="0">
  <reporter-output>
  </reporter-output>
  <suite started-at="2023-11-29T18:09:02 EST" name="Default suite" finished-at="2023-11-29T18:09:02 EST" duration-ms="109">
    <groups>
    </groups>
    <test started-at="2023-11-29T18:09:02 EST" name="Default test" finished-at="2023-11-29T18:09:02 EST" duration-ms="109">
      <class name="nexxvali.JenkinProjectdemo.Jenkinsdemo">
        <test-method signature="jenkins()[pri:0, instance:nexxvali.JenkinProjectdemo.Jenkinsdemo@76908cc0]" started-at="2023-11-29T18:09:02 EST" name="jenkins" finished-at="2023-11-29T18:09:02 EST" duration-ms="29" status="PASS">
          <reporter-output>
          </reporter-output>
        </test-method> <!-- jenkins -->
      </class> <!-- nexxvali.JenkinProjectdemo.Jenkinsdemo -->
    </test> <!-- Default test -->
  </suite> <!-- Default suite -->
</testng-results>
